kevin left eigenvectors  
4978.91	-74.0365	16.4469	2.50428e+07	-530299	56602.5	-372388	1.52608e+07	-1.0551e+06	82724.2	-2.58119e+06	1.52527e+07	-2207.19	0	
16.5051	1406.63	1335.5	32338.4	2.78462e+06	2.92216e+06	2.75601e+06	-76272.6	-68816.9	2.61665e+06	-61189.6	51820.3	-18.7833	0	
-29.8925	-1629.02	1716.15	-71451.4	-3.93402e+06	3.75078e+06	-3.8938e+06	88181.3	-58596.9	4.10207e+06	-67415.1	-46180.3	27.8849	0	
0	0	0	0	-1	0	0	0	0	0	0	0	0	0	
0	0	0	0	0	-1	0	0	0	0	0	0	0	0	
0	0	0	0	0	0	0	-1	0	0	0	0	0	0	
0	0	0	0	0	0	0	0	-1	0	0	0	0	0	
0	0	0	0	0	0	0	0	0	0	-1	0	0	0	
0	0	0	0	0	0	0	0	0	0	0	-1	0	0	
0	0	0	0	0	0	0	0	0	0	0	0	1	0	
0	0	0	0	0	0	0	0	0	0	0	0	0	1	
-29.8925	-1629.02	1716.15	71451.4	3.93402e+06	-3.75078e+06	3.8938e+06	-88181.3	58596.9	-4.10207e+06	67415.1	46180.3	-27.8849	-0	
16.5051	1406.63	1335.5	-32338.4	-2.78462e+06	-2.92216e+06	-2.75601e+06	76272.6	68816.9	-2.61665e+06	61189.6	-51820.3	18.7833	-0	
4978.91	-74.0365	16.4469	-2.50428e+07	530299	-56602.5	372388	-1.52608e+07	1.0551e+06	-82724.2	2.58119e+06	-1.52527e+07	2207.19	-0	

0.000150059	-2.23139e-06	4.95692e-07	0.754765	-0.0159827	0.00170594	-0.0112234	0.459946	-0.0317998	0.00249322	-0.0777944	0.459702	-6.65225e-05	0	
2.97625e-06	0.000253649	0.000240822	0.00583137	0.502132	0.526934	0.496973	-0.0137537	-0.0124093	0.471843	-0.0110339	0.00934441	-3.38707e-06	0	
-3.81e-06	-0.000207629	0.000218734	-0.00910697	-0.501418	0.478062	-0.496291	0.0112393	-0.00746857	0.522836	-0.0085925	-0.005886	3.55411e-06	0	
0	0	0	0	-1	0	0	0	0	0	0	0	0	0	
0	0	0	0	0	-1	0	0	0	0	0	0	0	0	
0	0	0	0	0	0	0	-1	0	0	0	0	0	0	
0	0	0	0	0	0	0	0	-1	0	0	0	0	0	
0	0	0	0	0	0	0	0	0	0	-1	0	0	0	
0	0	0	0	0	0	0	0	0	0	0	-1	0	0	
0	0	0	0	0	0	0	0	0	0	0	0	1	0	
0	0	0	0	0	0	0	0	0	0	0	0	0	1	
-3.81e-06	-0.000207629	0.000218734	0.00910697	0.501418	-0.478062	0.496291	-0.0112393	0.00746857	-0.522836	0.0085925	0.005886	-3.55411e-06	-0	
2.97625e-06	0.000253649	0.000240822	-0.00583137	-0.502132	-0.526934	-0.496973	0.0137537	0.0124093	-0.471843	0.0110339	-0.00934441	3.38707e-06	-0	
0.000150059	-2.23139e-06	4.95692e-07	-0.754765	0.0159827	-0.00170594	0.0112234	-0.459946	0.0317998	-0.00249322	0.0777944	-0.459702	6.65225e-05	-0	

kevin right eigenvectors  
0.0001004	-1.49296e-06	3.31654e-07	1.99612e-08	0	0	-2.96824e-10	-0	-0	6.59381e-11	0	0	0	0	
2.19339e-06	0.00018693	0.000177478	1.11948e-09	0	0	9.54066e-08	0	0	9.05822e-08	0	0	0	0	
-2.6691e-06	-0.000145455	0.000153234	-1.11665e-09	-0	-0	-6.08525e-08	-0	-0	6.41073e-08	0	0	0	0	
0	0	0	-0.00615032	-1	-0	1.01045	0	0	5.04244e-06	0	0	0	0	
0	0	0	0.000425712	0	-1	0.101064	0	0	1.0103	0	0	0	0	
0	0	0	0.608881	0	0	-0.0343455	-1	-0	-0.000499202	-0	-0	0	0	
0	0	0	-0.0421455	-0	-0	-0.00537327	-0	-1	-0.0201193	-0	-0	0	0	
0	0	0	-0.103034	-0	-0	-0.00193873	-0	-0	-0.0200694	-1	-0	0	0	
0	0	0	0.609145	0	0	0.00645364	0	0	0.00547848	0	-1	0	0	
0	0	0	8.82206e-05	0	0	5.66754e-06	0	0	1.187e-07	0	0	1	0	
0	0	0	-0	-0	-0	-0	-0	-0	-0	-0	-0	0	1	
-2.6691e-06	-0.000145455	0.000153234	1.11665e-09	0	0	6.08525e-08	0	0	-6.41073e-08	-0	-0	0	0	
2.19339e-06	0.00018693	0.000177478	-1.11948e-09	-0	-0	-9.54066e-08	-0	-0	-9.05822e-08	-0	-0	0	0	
0.0001004	-1.49296e-06	3.31654e-07	-1.99612e-08	-0	-0	2.96824e-10	0	0	-6.59381e-11	-0	-0	0	0	

0.999884	-0.0148683	0.00330293	0.000198793	0	0	-2.95606e-06	-0	-0	6.56675e-07	0	0	0	0	
0.00850907	0.725178	0.688508	4.34292e-06	0	0	0.000370121	0	0	0.000351406	0	0	0	0	
-0.0126322	-0.688401	0.725221	-5.28481e-06	-0	-0	-0.000288	-0	-0	0.000303404	0	0	0	0	
0	0	0	-0.00432623	-0.703416	-0	0.710765	0	0	3.54694e-06	0	0	0	0	
0	0	0	0.000298723	0	-0.701702	0.0709171	0	0	0.708932	0	0	0	0	
0	0	0	0.519839	0	0	-0.0293228	-0.853761	-0	-0.000426199	-0	-0	0	0	
0	0	0	-0.042099	-0	-0	-0.00536735	-0	-0.998897	-0.0200971	-0	-0	0	0	
0	0	0	-0.10247	-0	-0	-0.00192813	-0	-0	-0.0199597	-0.994534	-0	0	0	
0	0	0	0.520213	0	0	0.00551145	0	0	0.00467865	0	-0.854006	0	0	
0	0	0	8.82206e-05	0	0	5.66754e-06	0	0	1.187e-07	0	0	1	0	
0	0	0	-0	-0	-0	-0	-0	-0	-0	-0	-0	0	1	
-0.0126322	-0.688401	0.725221	5.28481e-06	0	0	0.000288	0	0	-0.000303404	-0	-0	0	0	
0.00850907	0.725178	0.688508	-4.34292e-06	-0	-0	-0.000370121	-0	-0	-0.000351406	-0	-0	0	0	
0.999884	-0.0148683	0.00330293	-0.000198793	-0	-0	2.95606e-06	0	0	-6.56675e-07	-0	-0	0	0	

Godunov state
{ Vel =      272.42874    232.210734    502.007794, S  =           1000, Epsp =              0
        [     1.03324532	             0	             0 ]
   Fe = [   -0.126822293	             1	           0.1 ]
        [    -0.24242173	             0	             1 ]}

{ Vel =               272.4287
232.2107
502.0078, S  =           1000
        [       1.033245	 -3.270073e-11	  2.275017e-30 ]
   Fe = [     -0.1268223	             1	           0.1 ]
        [     -0.2424217	             0	             1 ]}


Right eigenvectors

0.999884	-0.0148683	0.00330293	0.000198793	1.61105e-17	-4.50548e-37	-2.95606e-06	0	0	6.56675e-07	0	0	0	
0.0126322	0.688401	-0.725221	5.28481e-06	-3.073e-14	1.80773e-33	0.000288	0	0	-0.000303404	0	0	0	
0.00850907	0.725178	0.688508	4.34292e-06	5.08016e-14	-3.64526e-33	0.000370121	0	0	0.000351406	0	0	0	
-1.10393e-11	-2.22884e-10	3.51108e-10	-0.00606104	0.291734	-2.42917e-17	-0.956071	0	0	-0.0279809	0	0	0	
9.92914e-12	2.48511e-10	-2.66543e-10	0.00614817	-0.294577	0.0533587	0.942802	0	0	-0.146504	0	0	0	
-9.90296e-12	-2.47125e-10	2.65002e-10	-0.00580727	0.294511	-0.0539245	-0.942225	0	0.0183412	0.148988	0	0	0	
9.74701e-12	2.44728e-10	-2.62518e-10	0.0334249	-0.293775	0.0532487	0.931196	-0.144891	0	-0.147051	0	0	0	
-9.89752e-12	-2.47401e-10	2.65352e-10	-0.00477418	0.294256	-0.0538755	-0.941789	0	0	0.148926	0.0366491	0	0	
8.34978e-13	1.10738e-11	-1.19061e-11	-0.185223	-0.0106001	8.82633e-19	0.0409487	0	0	-0.00651753	0	0.981764	0	
-1.37975e-16	-1.24935e-16	6.17315e-17	8.81821e-05	1.8522e-06	-1.01156e-20	-4.02489e-07	0	0	-5.89485e-08	0	0	1	
-0.00850907	-0.725178	-0.688508	4.34292e-06	5.0714e-14	3.64526e-33	0.000370121	0	0	0.000351406	0	0	0	
0.0126322	0.688401	-0.725221	-5.28481e-06	3.06866e-14	1.80773e-33	-0.000288	0	0	0.000303404	0	0	0	
-0.999884	0.0148683	-0.00330293	0.000198793	1.60997e-17	4.50548e-37	-2.95606e-06	0	0	6.56675e-07	0	0	0	

Left eigenvectors normalised

0.499942	-0.00743416	0.00165146	2514.6	-69.502	10.0548	-37.3922	475.963	-46.6264	8.30651	-94.2559	475.278	-0.221628	
0.00631609	0.3442	-0.36261	15.0972	2613.45	-2490.47	822.735	-43.4324	23.7735	-866.74	21.7467	-9.00401	-0.00589189	
0.00425454	0.362589	0.344254	8.33591	2393.06	2509.79	710.42	-46.5427	-27.8103	674.497	-8.16344	2.257	-0.0048418	
-3.55377e-19	-5.75923e-17	-1.57288e-16	-1.55753e-27	3.42778	18.9237	-7.39988e-11	0.00460059	0.59612	-4.17177e-10	0.296901	0.0370096	-6.34893e-06	
-2.73712e-43	-2.26431e-41	-1.83379e-41	-7.29477e-43	1.56051e-15	18.7411	-3.36882e-26	6.88753	55.1002	-1.89921e-25	27.5501	0	1.86687e-19	
0	0	0	0	0	0	0	0	54.5221	0	0	0	0	
-0	-0	-0	-0	-0	-0	-0	-6.90176	-0	-0	-0	-0	-0	
0	0	0	0	0	0	0	0	0	0	27.2858	0	0	
0	0	0	0	0	0	0	0	0	0	0	1.01857	0	
0	0	0	0	0	0	0	0	0	0	0	0	1	
-0.00425454	-0.362589	-0.344254	8.33591	2393.06	2509.79	710.42	-46.5427	-27.8103	674.497	-8.16344	2.257	-0.0048418	
0.00631609	0.3442	-0.36261	-15.0972	-2613.45	2490.47	-822.735	43.4324	-23.7735	866.74	-21.7467	9.00401	0.00589189	
-0.499942	0.00743416	-0.00165146	2514.6	-69.502	10.0548	-37.3922	475.963	-46.6264	8.30651	-94.2559	475.278	-0.221628	

0.000191816	-2.85232e-06	6.3363e-07	0.964795	-0.0266664	0.00385781	-0.0143465	0.182616	-0.0178895	0.00318702	-0.0361639	0.182353	-8.50338e-05	
1.66075e-06	9.05041e-05	-9.53449e-05	0.00396967	0.687182	-0.654844	0.21633	-0.0114201	0.00625102	-0.227901	0.00571807	-0.00236752	-1.54921e-06	
1.18052e-06	0.000100609	9.55213e-05	0.00231299	0.664009	0.696398	0.197123	-0.0129143	-0.00771661	0.187155	-0.00226514	0.000626256	-1.34347e-06	
-1.84676e-20	-2.99286e-18	-8.17369e-18	-8.09391e-29	0.178129	0.983396	-3.84544e-12	0.000239076	0.0309782	-2.16791e-11	0.0154289	0.00192325	-3.29931e-07	
-4.22664e-45	-3.49653e-43	-2.83172e-43	-1.12645e-44	2.40972e-17	0.289398	-5.2021e-28	0.106357	0.850852	-2.93274e-27	0.425426	0	2.8828e-21	
0	0	0	0	0	0	0	0	1	0	0	0	0	
-0	-0	-0	-0	-0	-0	-0	-1	-0	-0	-0	-0	-0	
0	0	0	0	0	0	0	0	0	0	1	0	0	
0	0	0	0	0	0	0	0	0	0	0	1	0	
0	0	0	0	0	0	0	0	0	0	0	0	1	
-1.18052e-06	-0.000100609	-9.55213e-05	0.00231299	0.664009	0.696398	0.197123	-0.0129143	-0.00771661	0.187155	-0.00226514	0.000626256	-1.34347e-06	
1.66075e-06	9.05041e-05	-9.53449e-05	-0.00396967	-0.687182	0.654844	-0.21633	0.0114201	-0.00625102	0.227901	-0.00571807	0.00236752	1.54921e-06	
-0.000191816	2.85232e-06	-6.3363e-07	0.964795	-0.0266664	0.00385781	-0.0143465	0.182616	-0.0178895	0.00318702	-0.0361639	0.182353	-8.50338e-05	
-4979
-2366
-1939
0
0
0
0
0
0
0
1939
2366
4979
